{
  "time": "2024-05-01T15:19:08.778Z",
  "method": "GET",
  "url": "/api/employees"
}
{
  "time": "2024-05-01T20:32:33.557Z",
  "method": "POST",
  "url": "/api/user/register"
}
{
  "time": "2024-05-01T20:32:43.444Z",
  "method": "POST",
  "url": "/api/user/register"
}
{
  "time": "2024-05-01T20:33:40.141Z",
  "method": "GET",
  "url": "/api/user"
}
{
  "time": "2024-05-01T20:37:57.387Z",
  "method": "POST",
  "url": "/api/user/register"
}
{
  "time": "2024-05-01T20:38:17.269Z",
  "method": "POST",
  "url": "/api/user/register"
}
{
  "time": "2024-05-01T20:39:52.162Z",
  "method": "GET",
  "url": "/api/user"
}
{
  "time": "2024-05-01T20:41:22.482Z",
  "method": "POST",
  "url": "/api/user/register"
}
{
  "time": "2024-05-01T20:42:08.158Z",
  "method": "GET",
  "url": "/api/user"
}
{
  "time": "2024-05-01T20:43:03.562Z",
  "method": "POST",
  "url": "/api/user/register"
}
{
  "time": "2024-05-01T20:43:12.656Z",
  "method": "GET",
  "url": "/api/user"
}
{
  "time": "2024-05-01T20:46:17.756Z",
  "method": "GET",
  "url": "/api/user"
}
{
  "time": "2024-05-01T20:46:35.642Z",
  "method": "GET",
  "url": "/api/user"
}
{
  "time": "2024-05-01T20:47:16.544Z",
  "method": "GET",
  "url": "/api/user"
}
{
  "time": "2024-05-01T20:47:34.077Z",
  "method": "GET",
  "url": "/api/user"
}
{
  "time": "2024-05-01T20:47:35.813Z",
  "method": "GET",
  "url": "/api/user"
}
{
  "time": "2024-05-01T20:52:44.615Z",
  "method": "GET",
  "url": "/api/user"
}
{
  "time": "2024-05-02T09:03:02.034Z",
  "method": "GET",
  "url": "/api/user"
}
{
  "time": "2024-05-02T09:03:07.288Z",
  "method": "GET",
  "url": "/api/user"
}
{
  "time": "2024-05-02T09:03:58.047Z",
  "method": "POST",
  "url": "/api/user/login"
}
{
  "time": "2024-05-02T12:06:52.700Z",
  "method": "POST",
  "url": "/api/user/login"
}
{
  "time": "2024-05-02T14:53:07.572Z",
  "method": "GET",
  "url": "/api/employees"
}
{
  "time": "2024-05-02T14:53:20.774Z",
  "method": "GET",
  "url": "/api/employees/22"
}
{
  "time": "2024-05-02T14:53:28.684Z",
  "method": "GET",
  "url": "/api/employees/3"
}
{
  "time": "2024-05-02T14:54:11.128Z",
  "method": "POST",
  "url": "/api/user/login"
}
{
  "time": "2024-05-02T14:54:30.934Z",
  "method": "GET",
  "url": "/api/employees"
}
{
  "time": "2024-05-02T14:55:14.946Z",
  "method": "GET",
  "url": "/api/employees"
}
{
  "time": "2024-05-02T15:01:44.170Z",
  "method": "POST",
  "url": "/api/user/login"
}
{
  "time": "2024-05-02T15:02:15.929Z",
  "method": "GET",
  "url": "/api/employees"
}
{
  "time": "2024-05-02T15:02:22.488Z",
  "method": "GET",
  "url": "/api/employees"
}
{
  "time": "2024-05-02T15:02:31.194Z",
  "method": "GET",
  "url": "/api/employees"
}
